{"contracts/RecoveryVault.sol":{"l":{"105":0,"106":0,"111":0,"112":0,"113":0,"114":0,"115":0,"116":0,"132":0,"133":0,"134":0,"135":0,"136":0,"137":0,"138":0,"141":0,"142":0,"144":0,"145":0,"146":0,"147":0,"161":0,"164":0,"165":0,"166":0,"168":0,"172":0,"173":0,"176":0,"177":0,"181":0,"182":0,"183":0,"187":0,"188":0,"189":0,"192":0,"197":0,"198":0,"199":0,"200":0,"203":0,"204":0,"205":0,"208":0,"209":0,"210":0,"211":0,"214":0,"217":0,"218":0,"220":0,"224":0,"225":0,"226":0,"229":0,"230":0,"231":0,"233":0,"234":0,"236":0,"238":0,"239":0,"241":0,"242":0,"247":0,"270":0,"272":0,"273":0,"275":0,"276":0,"279":0,"281":0,"283":0,"284":0,"285":0,"286":0,"289":0,"290":0,"293":0,"294":0,"297":0,"298":0,"300":0,"301":0,"302":0,"303":0,"304":0,"305":0,"306":0,"307":0,"323":0,"324":0,"327":0,"328":0,"329":0,"330":0,"333":0,"334":0,"335":0,"337":0,"345":0,"346":0,"348":0,"349":0,"350":0,"352":0,"356":0,"357":0,"370":0,"371":0,"384":0,"388":0,"395":0,"399":0,"400":0,"401":0,"402":0,"403":0,"404":0,"405":0,"406":0,"408":0,"411":0,"412":0,"414":0,"418":0,"419":0,"424":0,"428":0,"432":0,"436":0,"440":0,"441":0,"442":0,"443":0,"447":0,"448":0,"452":0,"453":0,"457":0,"458":0,"459":0,"460":0,"464":0,"465":0,"466":0,"467":0,"468":0,"471":0,"472":0,"473":0,"476":0,"478":0,"480":0,"481":0,"482":0,"484":0,"485":0,"493":0,"494":0,"498":0,"499":0,"500":0,"503":0,"514":0,"515":0,"516":0,"518":0,"521":0,"523":0,"529":0,"530":0,"532":0,"534":0,"539":0,"544":0,"545":0,"546":0,"547":0,"548":0,"551":0,"552":0,"553":0,"560":0,"562":0,"566":0,"567":0},"path":"/mnt/d/Rede/Github/ThinkinCoin/RecoveryHarmony/contracts/RecoveryVault.sol","s":{"1":0,"2":0,"3":0,"4":0,"5":0,"6":0,"7":0,"8":0,"9":0,"10":0,"11":0,"12":0,"13":0,"14":0,"15":0,"16":0,"17":0,"18":0,"19":0,"20":0,"21":0,"22":0,"23":0,"24":0,"25":0,"26":0,"27":0,"28":0,"29":0,"30":0,"31":0,"32":0,"33":0,"34":0,"35":0,"36":0,"37":0,"38":0,"39":0,"40":0,"41":0,"42":0,"43":0,"44":0,"45":0,"46":0,"47":0,"48":0,"49":0,"50":0,"51":0,"52":0,"53":0,"54":0,"55":0,"56":0,"57":0,"58":0,"59":0,"60":0,"61":0,"62":0,"63":0,"64":0,"65":0,"66":0,"67":0,"68":0,"69":0,"70":0,"71":0,"72":0,"73":0,"74":0,"75":0,"76":0,"77":0,"78":0,"79":0,"80":0,"81":0,"82":0,"83":0,"84":0,"85":0,"86":0,"87":0,"88":0,"89":0,"90":0,"91":0,"92":0,"93":0,"94":0,"95":0,"96":0,"97":0,"98":0,"99":0,"100":0,"101":0,"102":0,"103":0,"104":0,"105":0,"106":0,"107":0,"108":0,"109":0,"110":0,"111":0,"112":0,"113":0,"114":0,"115":0,"116":0,"117":0,"118":0,"119":0,"120":0,"121":0,"122":0,"123":0,"124":0,"125":0,"126":0,"127":0},"b":{"1":[0,0],"2":[0,0],"3":[0,0],"4":[0,0],"5":[0,0],"6":[0,0],"7":[0,0],"8":[0,0],"9":[0,0],"10":[0,0],"11":[0,0],"12":[0,0],"13":[0,0],"14":[0,0],"15":[0,0],"16":[0,0],"17":[0,0],"18":[0,0],"19":[0,0],"20":[0,0],"21":[0,0],"22":[0,0],"23":[0,0],"24":[0,0],"25":[0,0],"26":[0,0],"27":[0,0],"28":[0,0],"29":[0,0],"30":[0,0],"31":[0,0],"32":[0,0],"33":[0,0],"34":[0,0],"35":[0,0],"36":[0,0],"37":[0,0],"38":[0,0],"39":[0,0],"40":[0,0],"41":[0,0],"42":[0,0],"43":[0,0],"44":[0,0],"45":[0,0],"46":[0,0],"47":[0,0],"48":[0,0],"49":[0,0],"50":[0,0],"51":[0,0],"52":[0,0],"53":[0,0],"54":[0,0],"55":[0,0],"56":[0,0],"57":[0,0],"58":[0,0],"59":[0,0],"60":[0,0],"61":[0,0],"62":[0,0],"63":[0,0],"64":[0,0],"65":[0,0],"66":[0,0],"67":[0,0],"68":[0,0],"69":[0,0],"70":[0,0],"71":[0,0],"72":[0,0],"73":[0,0],"74":[0,0],"75":[0,0],"76":[0,0],"77":[0,0],"78":[0,0],"79":[0,0]},"f":{"1":0,"2":0,"3":0,"4":0,"5":0,"6":0,"7":0,"8":0,"9":0,"10":0,"11":0,"12":0,"13":0,"14":0,"15":0,"16":0,"17":0,"18":0,"19":0,"20":0,"21":0,"22":0,"23":0,"24":0,"25":0,"26":0,"27":0,"28":0,"29":0,"30":0},"fnMap":{"1":{"name":"onlyWhitelisted","line":104,"loc":{"start":{"line":104,"column":4},"end":{"line":107,"column":4}}},"2":{"name":"roundActive","line":109,"loc":{"start":{"line":109,"column":4},"end":{"line":117,"column":4}}},"3":{"name":"constructor","line":122,"loc":{"start":{"line":122,"column":4},"end":{"line":149,"column":4}}},"4":{"name":"redeem","line":159,"loc":{"start":{"line":154,"column":4},"end":{"line":243,"column":4}}},"5":{"name":"getLastRedeemTimestamp","line":246,"loc":{"start":{"line":246,"column":4},"end":{"line":248,"column":4}}},"6":{"name":"quoteRedeem","line":250,"loc":{"start":{"line":250,"column":4},"end":{"line":338,"column":4}}},"7":{"name":"getUserLimit","line":344,"loc":{"start":{"line":344,"column":4},"end":{"line":353,"column":4}}},"8":{"name":"getVaultBalances","line":355,"loc":{"start":{"line":355,"column":4},"end":{"line":358,"column":4}}},"9":{"name":"getRoundInfo","line":360,"loc":{"start":{"line":360,"column":4},"end":{"line":381,"column":4}}},"10":{"name":"getSupportedTokens","line":383,"loc":{"start":{"line":383,"column":4},"end":{"line":385,"column":4}}},"11":{"name":"getFeeTiers","line":387,"loc":{"start":{"line":387,"column":4},"end":{"line":389,"column":4}}},"12":{"name":"setMerkleRoot","line":394,"loc":{"start":{"line":394,"column":4},"end":{"line":396,"column":4}}},"13":{"name":"setSupportedToken","line":398,"loc":{"start":{"line":398,"column":4},"end":{"line":415,"column":4}}},"14":{"name":"setLocked","line":417,"loc":{"start":{"line":417,"column":4},"end":{"line":420,"column":4}}},"15":{"name":"setDailyLimit","line":423,"loc":{"start":{"line":423,"column":4},"end":{"line":425,"column":4}}},"16":{"name":"setOracle","line":427,"loc":{"start":{"line":427,"column":4},"end":{"line":429,"column":4}}},"17":{"name":"setDevWallet","line":431,"loc":{"start":{"line":431,"column":4},"end":{"line":433,"column":4}}},"18":{"name":"setRmcWallet","line":435,"loc":{"start":{"line":435,"column":4},"end":{"line":437,"column":4}}},"19":{"name":"setFeeTiers","line":439,"loc":{"start":{"line":439,"column":4},"end":{"line":444,"column":4}}},"20":{"name":"setFixedUsdPrice","line":446,"loc":{"start":{"line":446,"column":4},"end":{"line":449,"column":4}}},"21":{"name":"setRoundDelayEnabled","line":451,"loc":{"start":{"line":451,"column":4},"end":{"line":454,"column":4}}},"22":{"name":"withdrawFunds","line":456,"loc":{"start":{"line":456,"column":4},"end":{"line":461,"column":4}}},"23":{"name":"startNewRound","line":463,"loc":{"start":{"line":463,"column":4},"end":{"line":486,"column":4}}},"24":{"name":"_calculateFee","line":492,"loc":{"start":{"line":492,"column":4},"end":{"line":495,"column":4}}},"25":{"name":"_selectBpsByUsd","line":497,"loc":{"start":{"line":497,"column":4},"end":{"line":504,"column":4}}},"26":{"name":"_usd18ValueForWithDec","line":507,"loc":{"start":{"line":507,"column":4},"end":{"line":525,"column":4}}},"27":{"name":"_priceOut18With","line":528,"loc":{"start":{"line":528,"column":4},"end":{"line":536,"column":4}}},"28":{"name":"_verifyWhitelist","line":538,"loc":{"start":{"line":538,"column":4},"end":{"line":540,"column":4}}},"29":{"name":"_resetIfNeeded","line":542,"loc":{"start":{"line":542,"column":4},"end":{"line":555,"column":4}}},"30":{"name":"_burnOrSink","line":559,"loc":{"start":{"line":559,"column":4},"end":{"line":569,"column":4}}}},"statementMap":{"1":{"start":{"line":105,"column":8},"end":{"line":105,"column":70}},"2":{"start":{"line":111,"column":8},"end":{"line":111,"column":57}},"3":{"start":{"line":112,"column":8},"end":{"line":112,"column":47}},"4":{"start":{"line":113,"column":8},"end":{"line":113,"column":66}},"5":{"start":{"line":114,"column":8},"end":{"line":114,"column":51}},"6":{"start":{"line":115,"column":8},"end":{"line":115,"column":42}},"7":{"start":{"line":132,"column":8},"end":{"line":132,"column":33}},"8":{"start":{"line":144,"column":8},"end":{"line":144,"column":5987}},"9":{"start":{"line":146,"column":12},"end":{"line":146,"column":55}},"10":{"start":{"line":147,"column":12},"end":{"line":147,"column":65}},"11":{"start":{"line":161,"column":8},"end":{"line":161,"column":74}},"12":{"start":{"line":164,"column":8},"end":{"line":164,"column":6782}},"13":{"start":{"line":165,"column":12},"end":{"line":165,"column":64}},"14":{"start":{"line":166,"column":12},"end":{"line":166,"column":61}},"15":{"start":{"line":168,"column":12},"end":{"line":168,"column":64}},"16":{"start":{"line":172,"column":8},"end":{"line":172,"column":70}},"17":{"start":{"line":173,"column":8},"end":{"line":173,"column":89}},"18":{"start":{"line":176,"column":8},"end":{"line":176,"column":7329}},"19":{"start":{"line":177,"column":12},"end":{"line":177,"column":86}},"20":{"start":{"line":181,"column":8},"end":{"line":181,"column":33}},"21":{"start":{"line":182,"column":8},"end":{"line":182,"column":7586}},"22":{"start":{"line":187,"column":8},"end":{"line":187,"column":52}},"23":{"start":{"line":188,"column":8},"end":{"line":188,"column":40}},"24":{"start":{"line":189,"column":8},"end":{"line":189,"column":31}},"25":{"start":{"line":192,"column":8},"end":{"line":192,"column":8027}},"26":{"start":{"line":197,"column":8},"end":{"line":197,"column":93}},"27":{"start":{"line":198,"column":8},"end":{"line":198,"column":69}},"28":{"start":{"line":199,"column":8},"end":{"line":199,"column":87}},"29":{"start":{"line":200,"column":8},"end":{"line":200,"column":61}},"30":{"start":{"line":203,"column":8},"end":{"line":203,"column":39}},"31":{"start":{"line":204,"column":8},"end":{"line":204,"column":60}},"32":{"start":{"line":205,"column":8},"end":{"line":205,"column":45}},"33":{"start":{"line":208,"column":8},"end":{"line":208,"column":91}},"34":{"start":{"line":209,"column":8},"end":{"line":209,"column":76}},"35":{"start":{"line":210,"column":8},"end":{"line":210,"column":61}},"36":{"start":{"line":211,"column":8},"end":{"line":211,"column":71}},"37":{"start":{"line":214,"column":8},"end":{"line":214,"column":96}},"38":{"start":{"line":217,"column":8},"end":{"line":217,"column":9331}},"39":{"start":{"line":218,"column":12},"end":{"line":218,"column":49}},"40":{"start":{"line":220,"column":12},"end":{"line":220,"column":80}},"41":{"start":{"line":224,"column":8},"end":{"line":224,"column":66}},"42":{"start":{"line":225,"column":8},"end":{"line":225,"column":42}},"43":{"start":{"line":226,"column":8},"end":{"line":226,"column":59}},"44":{"start":{"line":229,"column":8},"end":{"line":229,"column":47}},"45":{"start":{"line":231,"column":8},"end":{"line":231,"column":9963}},"46":{"start":{"line":233,"column":12},"end":{"line":233,"column":101}},"47":{"start":{"line":238,"column":8},"end":{"line":238,"column":70}},"48":{"start":{"line":239,"column":8},"end":{"line":239,"column":78}},"49":{"start":{"line":241,"column":8},"end":{"line":241,"column":94}},"50":{"start":{"line":242,"column":8},"end":{"line":242,"column":112}},"51":{"start":{"line":247,"column":8},"end":{"line":247,"column":40}},"52":{"start":{"line":272,"column":8},"end":{"line":272,"column":63}},"53":{"start":{"line":275,"column":8},"end":{"line":275,"column":61}},"54":{"start":{"line":276,"column":8},"end":{"line":276,"column":89}},"55":{"start":{"line":283,"column":8},"end":{"line":283,"column":63}},"56":{"start":{"line":284,"column":8},"end":{"line":284,"column":44}},"57":{"start":{"line":289,"column":8},"end":{"line":289,"column":111}},"58":{"start":{"line":290,"column":8},"end":{"line":290,"column":64}},"59":{"start":{"line":293,"column":8},"end":{"line":293,"column":12780}},"60":{"start":{"line":297,"column":8},"end":{"line":297,"column":95}},"61":{"start":{"line":298,"column":8},"end":{"line":298,"column":95}},"62":{"start":{"line":300,"column":8},"end":{"line":300,"column":13123}},"63":{"start":{"line":307,"column":12},"end":{"line":307,"column":13443}},"64":{"start":{"line":327,"column":8},"end":{"line":327,"column":39}},"65":{"start":{"line":328,"column":8},"end":{"line":328,"column":53}},"66":{"start":{"line":333,"column":8},"end":{"line":333,"column":123}},"67":{"start":{"line":334,"column":8},"end":{"line":334,"column":83}},"68":{"start":{"line":345,"column":8},"end":{"line":345,"column":14953}},"69":{"start":{"line":346,"column":12},"end":{"line":346,"column":20}},"70":{"start":{"line":348,"column":8},"end":{"line":348,"column":66}},"71":{"start":{"line":349,"column":8},"end":{"line":349,"column":15142}},"72":{"start":{"line":370,"column":8},"end":{"line":370,"column":51}},"73":{"start":{"line":371,"column":8},"end":{"line":371,"column":15948}},"74":{"start":{"line":384,"column":8},"end":{"line":384,"column":33}},"75":{"start":{"line":388,"column":8},"end":{"line":388,"column":38}},"76":{"start":{"line":400,"column":8},"end":{"line":400,"column":19}},"77":{"start":{"line":401,"column":8},"end":{"line":401,"column":16874}},"78":{"start":{"line":402,"column":12},"end":{"line":402,"column":16946}},"79":{"start":{"line":404,"column":16},"end":{"line":404,"column":17037}},"80":{"start":{"line":406,"column":20},"end":{"line":406,"column":43}},"81":{"start":{"line":411,"column":8},"end":{"line":411,"column":17266}},"82":{"start":{"line":412,"column":12},"end":{"line":412,"column":41}},"83":{"start":{"line":414,"column":8},"end":{"line":414,"column":50}},"84":{"start":{"line":419,"column":8},"end":{"line":419,"column":33}},"85":{"start":{"line":440,"column":8},"end":{"line":440,"column":73}},"86":{"start":{"line":443,"column":8},"end":{"line":443,"column":45}},"87":{"start":{"line":447,"column":8},"end":{"line":447,"column":54}},"88":{"start":{"line":453,"column":8},"end":{"line":453,"column":39}},"89":{"start":{"line":457,"column":8},"end":{"line":457,"column":67}},"90":{"start":{"line":458,"column":8},"end":{"line":458,"column":64}},"91":{"start":{"line":459,"column":8},"end":{"line":459,"column":50}},"92":{"start":{"line":460,"column":8},"end":{"line":460,"column":53}},"93":{"start":{"line":464,"column":8},"end":{"line":464,"column":65}},"94":{"start":{"line":465,"column":8},"end":{"line":465,"column":51}},"95":{"start":{"line":466,"column":8},"end":{"line":466,"column":42}},"96":{"start":{"line":471,"column":8},"end":{"line":471,"column":52}},"97":{"start":{"line":472,"column":8},"end":{"line":472,"column":40}},"98":{"start":{"line":473,"column":8},"end":{"line":473,"column":31}},"99":{"start":{"line":476,"column":8},"end":{"line":476,"column":19791}},"100":{"start":{"line":478,"column":8},"end":{"line":478,"column":44}},"101":{"start":{"line":484,"column":8},"end":{"line":484,"column":60}},"102":{"start":{"line":485,"column":8},"end":{"line":485,"column":56}},"103":{"start":{"line":493,"column":8},"end":{"line":493,"column":72}},"104":{"start":{"line":494,"column":8},"end":{"line":494,"column":40}},"105":{"start":{"line":498,"column":8},"end":{"line":498,"column":20683}},"106":{"start":{"line":499,"column":12},"end":{"line":499,"column":20750}},"107":{"start":{"line":500,"column":16},"end":{"line":500,"column":32}},"108":{"start":{"line":503,"column":8},"end":{"line":503,"column":40}},"109":{"start":{"line":514,"column":8},"end":{"line":514,"column":21179}},"110":{"start":{"line":515,"column":12},"end":{"line":515,"column":65}},"111":{"start":{"line":517,"column":15},"end":{"line":517,"column":21353}},"112":{"start":{"line":519,"column":15},"end":{"line":519,"column":21477}},"113":{"start":{"line":523,"column":12},"end":{"line":523,"column":42}},"114":{"start":{"line":529,"column":8},"end":{"line":529,"column":21954}},"115":{"start":{"line":530,"column":12},"end":{"line":530,"column":23}},"116":{"start":{"line":531,"column":15},"end":{"line":531,"column":22035}},"117":{"start":{"line":532,"column":12},"end":{"line":532,"column":62}},"118":{"start":{"line":534,"column":12},"end":{"line":534,"column":45}},"119":{"start":{"line":539,"column":8},"end":{"line":539,"column":87}},"120":{"start":{"line":544,"column":8},"end":{"line":544,"column":22562}},"121":{"start":{"line":548,"column":12},"end":{"line":548,"column":18}},"122":{"start":{"line":551,"column":8},"end":{"line":551,"column":22891}},"123":{"start":{"line":560,"column":8},"end":{"line":560,"column":31}},"124":{"start":{"line":560,"column":25},"end":{"line":560,"column":31}},"125":{"start":{"line":562,"column":8},"end":{"line":562,"column":23529}},"126":{"start":{"line":566,"column":12},"end":{"line":566,"column":64}},"127":{"start":{"line":567,"column":12},"end":{"line":567,"column":49}}},"branchMap":{"1":{"line":105,"type":"if","locations":[{"start":{"line":105,"column":8},"end":{"line":105,"column":8}},{"start":{"line":105,"column":8},"end":{"line":105,"column":8}}]},"2":{"line":111,"type":"if","locations":[{"start":{"line":111,"column":8},"end":{"line":111,"column":8}},{"start":{"line":111,"column":8},"end":{"line":111,"column":8}}]},"3":{"line":112,"type":"if","locations":[{"start":{"line":112,"column":8},"end":{"line":112,"column":8}},{"start":{"line":112,"column":8},"end":{"line":112,"column":8}}]},"4":{"line":113,"type":"if","locations":[{"start":{"line":113,"column":8},"end":{"line":113,"column":8}},{"start":{"line":113,"column":8},"end":{"line":113,"column":8}}]},"5":{"line":115,"type":"if","locations":[{"start":{"line":115,"column":8},"end":{"line":115,"column":8}},{"start":{"line":115,"column":8},"end":{"line":115,"column":8}}]},"6":{"line":115,"type":"cond-expr","locations":[{"start":{"line":115,"column":16},"end":{"line":115,"column":20}},{"start":{"line":115,"column":25},"end":{"line":115,"column":29}}]},"7":{"line":159,"type":"if","locations":[{"start":{"line":159,"column":23},"end":{"line":159,"column":23}},{"start":{"line":159,"column":23},"end":{"line":159,"column":23}}]},"8":{"line":159,"type":"if","locations":[{"start":{"line":159,"column":36},"end":{"line":159,"column":36}},{"start":{"line":159,"column":36},"end":{"line":159,"column":36}}]},"9":{"line":159,"type":"if","locations":[{"start":{"line":159,"column":48},"end":{"line":159,"column":48}},{"start":{"line":159,"column":48},"end":{"line":159,"column":48}}]},"10":{"line":161,"type":"if","locations":[{"start":{"line":161,"column":60},"end":{"line":161,"column":63}},{"start":{"line":161,"column":67},"end":{"line":161,"column":73}}]},"11":{"line":164,"type":"if","locations":[{"start":{"line":164,"column":8},"end":{"line":164,"column":8}},{"start":{"line":164,"column":8},"end":{"line":164,"column":8}}]},"12":{"line":165,"type":"if","locations":[{"start":{"line":165,"column":12},"end":{"line":165,"column":12}},{"start":{"line":165,"column":12},"end":{"line":165,"column":12}}]},"13":{"line":166,"type":"if","locations":[{"start":{"line":166,"column":12},"end":{"line":166,"column":12}},{"start":{"line":166,"column":12},"end":{"line":166,"column":12}}]},"14":{"line":168,"type":"if","locations":[{"start":{"line":168,"column":12},"end":{"line":168,"column":12}},{"start":{"line":168,"column":12},"end":{"line":168,"column":12}}]},"15":{"line":172,"type":"if","locations":[{"start":{"line":172,"column":8},"end":{"line":172,"column":8}},{"start":{"line":172,"column":8},"end":{"line":172,"column":8}}]},"16":{"line":173,"type":"if","locations":[{"start":{"line":173,"column":8},"end":{"line":173,"column":8}},{"start":{"line":173,"column":8},"end":{"line":173,"column":8}}]},"17":{"line":173,"type":"cond-expr","locations":[{"start":{"line":173,"column":16},"end":{"line":173,"column":31}},{"start":{"line":173,"column":36},"end":{"line":173,"column":51}}]},"18":{"line":176,"type":"if","locations":[{"start":{"line":176,"column":8},"end":{"line":176,"column":8}},{"start":{"line":176,"column":8},"end":{"line":176,"column":8}}]},"19":{"line":177,"type":"if","locations":[{"start":{"line":177,"column":12},"end":{"line":177,"column":12}},{"start":{"line":177,"column":12},"end":{"line":177,"column":12}}]},"20":{"line":182,"type":"if","locations":[{"start":{"line":182,"column":8},"end":{"line":182,"column":8}},{"start":{"line":182,"column":8},"end":{"line":182,"column":8}}]},"21":{"line":188,"type":"if","locations":[{"start":{"line":188,"column":8},"end":{"line":188,"column":8}},{"start":{"line":188,"column":8},"end":{"line":188,"column":8}}]},"22":{"line":193,"type":"if","locations":[{"start":{"line":193,"column":14},"end":{"line":193,"column":26}},{"start":{"line":194,"column":14},"end":{"line":194,"column":99}}]},"23":{"line":199,"type":"if","locations":[{"start":{"line":199,"column":58},"end":{"line":199,"column":82}},{"start":{"line":199,"column":86},"end":{"line":199,"column":86}}]},"24":{"line":200,"type":"if","locations":[{"start":{"line":200,"column":8},"end":{"line":200,"column":8}},{"start":{"line":200,"column":8},"end":{"line":200,"column":8}}]},"25":{"line":209,"type":"if","locations":[{"start":{"line":209,"column":47},"end":{"line":209,"column":59}},{"start":{"line":209,"column":63},"end":{"line":209,"column":75}}]},"26":{"line":214,"type":"if","locations":[{"start":{"line":214,"column":8},"end":{"line":214,"column":8}},{"start":{"line":214,"column":8},"end":{"line":214,"column":8}}]},"27":{"line":217,"type":"if","locations":[{"start":{"line":217,"column":8},"end":{"line":217,"column":8}},{"start":{"line":217,"column":8},"end":{"line":217,"column":8}}]},"28":{"line":231,"type":"if","locations":[{"start":{"line":231,"column":8},"end":{"line":231,"column":8}},{"start":{"line":231,"column":8},"end":{"line":231,"column":8}}]},"29":{"line":233,"type":"if","locations":[{"start":{"line":233,"column":60},"end":{"line":233,"column":74}},{"start":{"line":233,"column":78},"end":{"line":233,"column":100}}]},"30":{"line":241,"type":"if","locations":[{"start":{"line":241,"column":63},"end":{"line":241,"column":89}},{"start":{"line":241,"column":93},"end":{"line":241,"column":93}}]},"31":{"line":272,"type":"if","locations":[{"start":{"line":272,"column":49},"end":{"line":272,"column":52}},{"start":{"line":272,"column":56},"end":{"line":272,"column":62}}]},"32":{"line":275,"type":"if","locations":[{"start":{"line":275,"column":8},"end":{"line":275,"column":8}},{"start":{"line":275,"column":8},"end":{"line":275,"column":8}}]},"33":{"line":276,"type":"if","locations":[{"start":{"line":276,"column":8},"end":{"line":276,"column":8}},{"start":{"line":276,"column":8},"end":{"line":276,"column":8}}]},"34":{"line":276,"type":"cond-expr","locations":[{"start":{"line":276,"column":16},"end":{"line":276,"column":31}},{"start":{"line":276,"column":36},"end":{"line":276,"column":51}}]},"35":{"line":280,"type":"if","locations":[{"start":{"line":280,"column":14},"end":{"line":280,"column":26}},{"start":{"line":280,"column":30},"end":{"line":280,"column":97}}]},"36":{"line":281,"type":"if","locations":[{"start":{"line":281,"column":48},"end":{"line":281,"column":60}},{"start":{"line":281,"column":64},"end":{"line":281,"column":76}}]},"37":{"line":284,"type":"if","locations":[{"start":{"line":284,"column":8},"end":{"line":284,"column":8}},{"start":{"line":284,"column":8},"end":{"line":284,"column":8}}]},"38":{"line":293,"type":"if","locations":[{"start":{"line":293,"column":8},"end":{"line":293,"column":8}},{"start":{"line":293,"column":8},"end":{"line":293,"column":8}}]},"39":{"line":297,"type":"if","locations":[{"start":{"line":297,"column":65},"end":{"line":297,"column":90}},{"start":{"line":297,"column":94},"end":{"line":297,"column":94}}]},"40":{"line":300,"type":"if","locations":[{"start":{"line":300,"column":8},"end":{"line":300,"column":8}},{"start":{"line":300,"column":8},"end":{"line":300,"column":8}}]},"41":{"line":300,"type":"cond-expr","locations":[{"start":{"line":300,"column":12},"end":{"line":300,"column":23}},{"start":{"line":300,"column":28},"end":{"line":300,"column":54}}]},"42":{"line":345,"type":"if","locations":[{"start":{"line":345,"column":8},"end":{"line":345,"column":8}},{"start":{"line":345,"column":8},"end":{"line":345,"column":8}}]},"43":{"line":349,"type":"if","locations":[{"start":{"line":349,"column":8},"end":{"line":349,"column":8}},{"start":{"line":349,"column":8},"end":{"line":349,"column":8}}]},"44":{"line":352,"type":"if","locations":[{"start":{"line":352,"column":54},"end":{"line":352,"column":79}},{"start":{"line":352,"column":83},"end":{"line":352,"column":83}}]},"45":{"line":374,"type":"cond-expr","locations":[{"start":{"line":374,"column":59},"end":{"line":374,"column":63}},{"start":{"line":374,"column":68},"end":{"line":374,"column":72}}]},"46":{"line":394,"type":"if","locations":[{"start":{"line":394,"column":51},"end":{"line":394,"column":51}},{"start":{"line":394,"column":51},"end":{"line":394,"column":51}}]},"47":{"line":398,"type":"if","locations":[{"start":{"line":398,"column":69},"end":{"line":398,"column":69}},{"start":{"line":398,"column":69},"end":{"line":398,"column":69}}]},"48":{"line":402,"type":"if","locations":[{"start":{"line":402,"column":12},"end":{"line":402,"column":12}},{"start":{"line":402,"column":12},"end":{"line":402,"column":12}}]},"49":{"line":404,"type":"if","locations":[{"start":{"line":404,"column":16},"end":{"line":404,"column":16}},{"start":{"line":404,"column":16},"end":{"line":404,"column":16}}]},"50":{"line":411,"type":"if","locations":[{"start":{"line":411,"column":8},"end":{"line":411,"column":8}},{"start":{"line":411,"column":8},"end":{"line":411,"column":8}}]},"51":{"line":417,"type":"if","locations":[{"start":{"line":417,"column":46},"end":{"line":417,"column":46}},{"start":{"line":417,"column":46},"end":{"line":417,"column":46}}]},"52":{"line":423,"type":"if","locations":[{"start":{"line":423,"column":57},"end":{"line":423,"column":57}},{"start":{"line":423,"column":57},"end":{"line":423,"column":57}}]},"53":{"line":427,"type":"if","locations":[{"start":{"line":427,"column":49},"end":{"line":427,"column":49}},{"start":{"line":427,"column":49},"end":{"line":427,"column":49}}]},"54":{"line":431,"type":"if","locations":[{"start":{"line":431,"column":51},"end":{"line":431,"column":51}},{"start":{"line":431,"column":51},"end":{"line":431,"column":51}}]},"55":{"line":435,"type":"if","locations":[{"start":{"line":435,"column":51},"end":{"line":435,"column":51}},{"start":{"line":435,"column":51},"end":{"line":435,"column":51}}]},"56":{"line":439,"type":"if","locations":[{"start":{"line":439,"column":88},"end":{"line":439,"column":88}},{"start":{"line":439,"column":88},"end":{"line":439,"column":88}}]},"57":{"line":440,"type":"if","locations":[{"start":{"line":440,"column":8},"end":{"line":440,"column":8}},{"start":{"line":440,"column":8},"end":{"line":440,"column":8}}]},"58":{"line":446,"type":"if","locations":[{"start":{"line":446,"column":74},"end":{"line":446,"column":74}},{"start":{"line":446,"column":74},"end":{"line":446,"column":74}}]},"59":{"line":447,"type":"if","locations":[{"start":{"line":447,"column":8},"end":{"line":447,"column":8}},{"start":{"line":447,"column":8},"end":{"line":447,"column":8}}]},"60":{"line":451,"type":"if","locations":[{"start":{"line":451,"column":57},"end":{"line":451,"column":57}},{"start":{"line":451,"column":57},"end":{"line":451,"column":57}}]},"61":{"line":456,"type":"if","locations":[{"start":{"line":456,"column":51},"end":{"line":456,"column":51}},{"start":{"line":456,"column":51},"end":{"line":456,"column":51}}]},"62":{"line":457,"type":"if","locations":[{"start":{"line":457,"column":8},"end":{"line":457,"column":8}},{"start":{"line":457,"column":8},"end":{"line":457,"column":8}}]},"63":{"line":457,"type":"cond-expr","locations":[{"start":{"line":457,"column":16},"end":{"line":457,"column":28}},{"start":{"line":457,"column":33},"end":{"line":457,"column":45}}]},"64":{"line":459,"type":"if","locations":[{"start":{"line":459,"column":8},"end":{"line":459,"column":8}},{"start":{"line":459,"column":8},"end":{"line":459,"column":8}}]},"65":{"line":463,"type":"if","locations":[{"start":{"line":463,"column":54},"end":{"line":463,"column":54}},{"start":{"line":463,"column":54},"end":{"line":463,"column":54}}]},"66":{"line":464,"type":"if","locations":[{"start":{"line":464,"column":8},"end":{"line":464,"column":8}},{"start":{"line":464,"column":8},"end":{"line":464,"column":8}}]},"67":{"line":466,"type":"if","locations":[{"start":{"line":466,"column":8},"end":{"line":466,"column":8}},{"start":{"line":466,"column":8},"end":{"line":466,"column":8}}]},"68":{"line":466,"type":"cond-expr","locations":[{"start":{"line":466,"column":16},"end":{"line":466,"column":20}},{"start":{"line":466,"column":25},"end":{"line":466,"column":29}}]},"69":{"line":472,"type":"if","locations":[{"start":{"line":472,"column":8},"end":{"line":472,"column":8}},{"start":{"line":472,"column":8},"end":{"line":472,"column":8}}]},"70":{"line":493,"type":"if","locations":[{"start":{"line":493,"column":38},"end":{"line":493,"column":45}},{"start":{"line":493,"column":49},"end":{"line":493,"column":71}}]},"71":{"line":499,"type":"if","locations":[{"start":{"line":499,"column":12},"end":{"line":499,"column":12}},{"start":{"line":499,"column":12},"end":{"line":499,"column":12}}]},"72":{"line":514,"type":"if","locations":[{"start":{"line":514,"column":8},"end":{"line":514,"column":8}},{"start":{"line":514,"column":8},"end":{"line":514,"column":8}}]},"73":{"line":517,"type":"if","locations":[{"start":{"line":517,"column":15},"end":{"line":517,"column":15}},{"start":{"line":517,"column":15},"end":{"line":517,"column":15}}]},"74":{"line":519,"type":"if","locations":[{"start":{"line":519,"column":15},"end":{"line":519,"column":15}},{"start":{"line":519,"column":15},"end":{"line":519,"column":15}}]},"75":{"line":529,"type":"if","locations":[{"start":{"line":529,"column":8},"end":{"line":529,"column":8}},{"start":{"line":529,"column":8},"end":{"line":529,"column":8}}]},"76":{"line":531,"type":"if","locations":[{"start":{"line":531,"column":15},"end":{"line":531,"column":15}},{"start":{"line":531,"column":15},"end":{"line":531,"column":15}}]},"77":{"line":544,"type":"if","locations":[{"start":{"line":544,"column":8},"end":{"line":544,"column":8}},{"start":{"line":544,"column":8},"end":{"line":544,"column":8}}]},"78":{"line":551,"type":"if","locations":[{"start":{"line":551,"column":8},"end":{"line":551,"column":8}},{"start":{"line":551,"column":8},"end":{"line":551,"column":8}}]},"79":{"line":560,"type":"if","locations":[{"start":{"line":560,"column":8},"end":{"line":560,"column":8}},{"start":{"line":560,"column":8},"end":{"line":560,"column":8}}]}}}}