TN:
SF:/mnt/d/Rede/Github/ThinkinCoin/RecoveryHarmony/contracts/RecoveryVault.sol
FN:104,onlyWhitelisted
FN:109,roundActive
FN:122,constructor
FN:159,redeem
FN:246,getLastRedeemTimestamp
FN:250,quoteRedeem
FN:344,getUserLimit
FN:355,getVaultBalances
FN:360,getRoundInfo
FN:383,getSupportedTokens
FN:387,getFeeTiers
FN:394,setMerkleRoot
FN:398,setSupportedToken
FN:417,setLocked
FN:423,setDailyLimit
FN:427,setOracle
FN:431,setDevWallet
FN:435,setRmcWallet
FN:439,setFeeTiers
FN:446,setFixedUsdPrice
FN:451,setRoundDelayEnabled
FN:456,withdrawFunds
FN:463,startNewRound
FN:492,_calculateFee
FN:497,_selectBpsByUsd
FN:507,_usd18ValueForWithDec
FN:528,_priceOut18With
FN:538,_verifyWhitelist
FN:542,_resetIfNeeded
FN:559,_burnOrSink
FNF:30
FNH:0
FNDA:0,onlyWhitelisted
FNDA:0,roundActive
FNDA:0,constructor
FNDA:0,redeem
FNDA:0,getLastRedeemTimestamp
FNDA:0,quoteRedeem
FNDA:0,getUserLimit
FNDA:0,getVaultBalances
FNDA:0,getRoundInfo
FNDA:0,getSupportedTokens
FNDA:0,getFeeTiers
FNDA:0,setMerkleRoot
FNDA:0,setSupportedToken
FNDA:0,setLocked
FNDA:0,setDailyLimit
FNDA:0,setOracle
FNDA:0,setDevWallet
FNDA:0,setRmcWallet
FNDA:0,setFeeTiers
FNDA:0,setFixedUsdPrice
FNDA:0,setRoundDelayEnabled
FNDA:0,withdrawFunds
FNDA:0,startNewRound
FNDA:0,_calculateFee
FNDA:0,_selectBpsByUsd
FNDA:0,_usd18ValueForWithDec
FNDA:0,_priceOut18With
FNDA:0,_verifyWhitelist
FNDA:0,_resetIfNeeded
FNDA:0,_burnOrSink
DA:105,0
DA:106,0
DA:111,0
DA:112,0
DA:113,0
DA:114,0
DA:115,0
DA:116,0
DA:132,0
DA:133,0
DA:134,0
DA:135,0
DA:136,0
DA:137,0
DA:138,0
DA:141,0
DA:142,0
DA:144,0
DA:145,0
DA:146,0
DA:147,0
DA:161,0
DA:164,0
DA:165,0
DA:166,0
DA:168,0
DA:172,0
DA:173,0
DA:176,0
DA:177,0
DA:181,0
DA:182,0
DA:183,0
DA:187,0
DA:188,0
DA:189,0
DA:192,0
DA:197,0
DA:198,0
DA:199,0
DA:200,0
DA:203,0
DA:204,0
DA:205,0
DA:208,0
DA:209,0
DA:210,0
DA:211,0
DA:214,0
DA:217,0
DA:218,0
DA:220,0
DA:224,0
DA:225,0
DA:226,0
DA:229,0
DA:230,0
DA:231,0
DA:233,0
DA:234,0
DA:236,0
DA:238,0
DA:239,0
DA:241,0
DA:242,0
DA:247,0
DA:270,0
DA:272,0
DA:273,0
DA:275,0
DA:276,0
DA:279,0
DA:281,0
DA:283,0
DA:284,0
DA:285,0
DA:286,0
DA:289,0
DA:290,0
DA:293,0
DA:294,0
DA:297,0
DA:298,0
DA:300,0
DA:301,0
DA:302,0
DA:303,0
DA:304,0
DA:305,0
DA:306,0
DA:307,0
DA:323,0
DA:324,0
DA:327,0
DA:328,0
DA:329,0
DA:330,0
DA:333,0
DA:334,0
DA:335,0
DA:337,0
DA:345,0
DA:346,0
DA:348,0
DA:349,0
DA:350,0
DA:352,0
DA:356,0
DA:357,0
DA:370,0
DA:371,0
DA:384,0
DA:388,0
DA:395,0
DA:399,0
DA:400,0
DA:401,0
DA:402,0
DA:403,0
DA:404,0
DA:405,0
DA:406,0
DA:408,0
DA:411,0
DA:412,0
DA:414,0
DA:418,0
DA:419,0
DA:424,0
DA:428,0
DA:432,0
DA:436,0
DA:440,0
DA:441,0
DA:442,0
DA:443,0
DA:447,0
DA:448,0
DA:452,0
DA:453,0
DA:457,0
DA:458,0
DA:459,0
DA:460,0
DA:464,0
DA:465,0
DA:466,0
DA:467,0
DA:468,0
DA:471,0
DA:472,0
DA:473,0
DA:476,0
DA:478,0
DA:480,0
DA:481,0
DA:482,0
DA:484,0
DA:485,0
DA:493,0
DA:494,0
DA:498,0
DA:499,0
DA:500,0
DA:503,0
DA:514,0
DA:515,0
DA:516,0
DA:518,0
DA:521,0
DA:523,0
DA:529,0
DA:530,0
DA:532,0
DA:534,0
DA:539,0
DA:544,0
DA:545,0
DA:546,0
DA:547,0
DA:548,0
DA:551,0
DA:552,0
DA:553,0
DA:560,0
DA:562,0
DA:566,0
DA:567,0
LF:188
LH:0
BRDA:105,1,0,0
BRDA:105,1,1,0
BRDA:111,2,0,0
BRDA:111,2,1,0
BRDA:112,3,0,0
BRDA:112,3,1,0
BRDA:113,4,0,0
BRDA:113,4,1,0
BRDA:115,5,0,0
BRDA:115,5,1,0
BRDA:115,6,0,0
BRDA:115,6,1,0
BRDA:159,7,0,0
BRDA:159,7,1,0
BRDA:159,8,0,0
BRDA:159,8,1,0
BRDA:159,9,0,0
BRDA:159,9,1,0
BRDA:161,10,0,0
BRDA:161,10,1,0
BRDA:164,11,0,0
BRDA:164,11,1,0
BRDA:165,12,0,0
BRDA:165,12,1,0
BRDA:166,13,0,0
BRDA:166,13,1,0
BRDA:168,14,0,0
BRDA:168,14,1,0
BRDA:172,15,0,0
BRDA:172,15,1,0
BRDA:173,16,0,0
BRDA:173,16,1,0
BRDA:173,17,0,0
BRDA:173,17,1,0
BRDA:176,18,0,0
BRDA:176,18,1,0
BRDA:177,19,0,0
BRDA:177,19,1,0
BRDA:182,20,0,0
BRDA:182,20,1,0
BRDA:188,21,0,0
BRDA:188,21,1,0
BRDA:193,22,0,0
BRDA:193,22,1,0
BRDA:199,23,0,0
BRDA:199,23,1,0
BRDA:200,24,0,0
BRDA:200,24,1,0
BRDA:209,25,0,0
BRDA:209,25,1,0
BRDA:214,26,0,0
BRDA:214,26,1,0
BRDA:217,27,0,0
BRDA:217,27,1,0
BRDA:231,28,0,0
BRDA:231,28,1,0
BRDA:233,29,0,0
BRDA:233,29,1,0
BRDA:241,30,0,0
BRDA:241,30,1,0
BRDA:272,31,0,0
BRDA:272,31,1,0
BRDA:275,32,0,0
BRDA:275,32,1,0
BRDA:276,33,0,0
BRDA:276,33,1,0
BRDA:276,34,0,0
BRDA:276,34,1,0
BRDA:280,35,0,0
BRDA:280,35,1,0
BRDA:281,36,0,0
BRDA:281,36,1,0
BRDA:284,37,0,0
BRDA:284,37,1,0
BRDA:293,38,0,0
BRDA:293,38,1,0
BRDA:297,39,0,0
BRDA:297,39,1,0
BRDA:300,40,0,0
BRDA:300,40,1,0
BRDA:300,41,0,0
BRDA:300,41,1,0
BRDA:345,42,0,0
BRDA:345,42,1,0
BRDA:349,43,0,0
BRDA:349,43,1,0
BRDA:352,44,0,0
BRDA:352,44,1,0
BRDA:374,45,0,0
BRDA:374,45,1,0
BRDA:394,46,0,0
BRDA:394,46,1,0
BRDA:398,47,0,0
BRDA:398,47,1,0
BRDA:402,48,0,0
BRDA:402,48,1,0
BRDA:404,49,0,0
BRDA:404,49,1,0
BRDA:411,50,0,0
BRDA:411,50,1,0
BRDA:417,51,0,0
BRDA:417,51,1,0
BRDA:423,52,0,0
BRDA:423,52,1,0
BRDA:427,53,0,0
BRDA:427,53,1,0
BRDA:431,54,0,0
BRDA:431,54,1,0
BRDA:435,55,0,0
BRDA:435,55,1,0
BRDA:439,56,0,0
BRDA:439,56,1,0
BRDA:440,57,0,0
BRDA:440,57,1,0
BRDA:446,58,0,0
BRDA:446,58,1,0
BRDA:447,59,0,0
BRDA:447,59,1,0
BRDA:451,60,0,0
BRDA:451,60,1,0
BRDA:456,61,0,0
BRDA:456,61,1,0
BRDA:457,62,0,0
BRDA:457,62,1,0
BRDA:457,63,0,0
BRDA:457,63,1,0
BRDA:459,64,0,0
BRDA:459,64,1,0
BRDA:463,65,0,0
BRDA:463,65,1,0
BRDA:464,66,0,0
BRDA:464,66,1,0
BRDA:466,67,0,0
BRDA:466,67,1,0
BRDA:466,68,0,0
BRDA:466,68,1,0
BRDA:472,69,0,0
BRDA:472,69,1,0
BRDA:493,70,0,0
BRDA:493,70,1,0
BRDA:499,71,0,0
BRDA:499,71,1,0
BRDA:514,72,0,0
BRDA:514,72,1,0
BRDA:517,73,0,0
BRDA:517,73,1,0
BRDA:519,74,0,0
BRDA:519,74,1,0
BRDA:529,75,0,0
BRDA:529,75,1,0
BRDA:531,76,0,0
BRDA:531,76,1,0
BRDA:544,77,0,0
BRDA:544,77,1,0
BRDA:551,78,0,0
BRDA:551,78,1,0
BRDA:560,79,0,0
BRDA:560,79,1,0
BRF:158
BRH:0
end_of_record
